2023-09-09 08:20:47 PM >> 92.546452ms | HTPP Status: 500 - POST /api/auth/register
2023-09-09 08:20:58 PM >> 2.315791ms | HTPP Status: 400 - POST /api/auth/register
2023-09-09 09:09:20 PM >> 1.67926ms | HTPP Status: 400 - POST /api/auth/register
2023-09-09 09:09:43 PM >> 2.117304ms | HTPP Status: 400 - POST /api/auth/register
2023-09-09 09:19:19 PM >> 150.438µs | HTPP Status: 400 - POST /api/auth/register
2023-09-09 09:19:27 PM >> 1.055998ms | HTPP Status: 400 - POST /api/auth/register
2023-09-09 09:19:34 PM >> 151.625µs | HTPP Status: 400 - POST /api/auth/register
2023-09-09 09:19:46 PM >> 1.134709ms | HTPP Status: 400 - POST /api/auth/register
2023-09-09 09:20:05 PM >> 154.209µs | HTPP Status: 400 - POST /api/auth/register
2023-09-09 09:20:20 PM >> 278.596µs | HTPP Status: 400 - POST /api/auth/register
2023-09-09 09:24:38 PM >> 36.736µs | HTPP Status: 204 - OPTIONS /api/auth/register
2023-09-09 09:24:38 PM >> 465.771µs | HTPP Status: 400 - POST /api/auth/register
2023-09-09 09:24:41 PM >> 242.419µs | HTPP Status: 400 - POST /api/auth/register
2023-09-09 09:24:55 PM >> 378.958µs | HTPP Status: 400 - POST /api/auth/register
2023-09-09 09:27:23 PM >> 171.111µs | HTPP Status: 400 - POST /api/auth/register
2023-09-09 09:27:38 PM >> 1.264055ms | HTPP Status: 400 - POST /api/auth/register
2023-09-09 09:28:47 PM >> 153.162µs | HTPP Status: 400 - POST /api/auth/register
2023-09-09 09:28:57 PM >> 86.954398ms | HTPP Status: 200 - POST /api/auth/register
2023-09-09 10:45:00 PM >> 326.437µs | HTPP Status: 400 - POST /api/auth/register
2023-09-09 10:46:38 PM >> 393.694µs | HTPP Status: 400 - POST /api/auth/register
2023-09-09 10:46:47 PM >> 224.19µs | HTPP Status: 400 - POST /api/auth/register
2023-09-09 10:47:47 PM >> 38.762µs | HTPP Status: 204 - OPTIONS /api/auth/register
2023-09-09 10:47:47 PM >> 260.927µs | HTPP Status: 400 - POST /api/auth/register
2023-09-09 10:51:54 PM >> 282.717µs | HTPP Status: 400 - POST /api/auth/register
2023-09-09 10:53:27 PM >> 87.526958ms | HTPP Status: 200 - POST /api/auth/register
2023-09-12 08:01:50 PM >> 4.238563ms | HTPP Status: 400 - POST /api/auth/register
2023-09-12 08:01:51 PM >> 955.16µs | HTPP Status: 400 - POST /api/auth/register
2023-09-12 08:01:52 PM >> 1.290308ms | HTPP Status: 400 - POST /api/auth/register
2023-09-12 08:01:53 PM >> 1.701138ms | HTPP Status: 400 - POST /api/auth/register
2023-09-12 08:01:54 PM >> 1.122814ms | HTPP Status: 400 - POST /api/auth/register
2023-09-12 08:01:55 PM >> 1.128435ms | HTPP Status: 400 - POST /api/auth/register
2023-09-12 08:01:57 PM >> 1.575342ms | HTPP Status: 400 - POST /api/auth/register
2023-09-12 08:01:57 PM >> 1.793722ms | HTPP Status: 400 - POST /api/auth/register
2023-09-12 08:01:58 PM >> 1.589368ms | HTPP Status: 400 - POST /api/auth/register
2023-09-12 08:03:10 PM >> 908.632µs | HTPP Status: 400 - POST /api/auth/register
2023-09-12 08:03:11 PM >> 1.204496ms | HTPP Status: 400 - POST /api/auth/register
2023-09-12 08:03:11 PM >> 1.901743ms | HTPP Status: 400 - POST /api/auth/register
2023-09-12 08:03:12 PM >> 1.50549ms | HTPP Status: 400 - POST /api/auth/register
2023-09-12 08:03:12 PM >> 1.084071ms | HTPP Status: 400 - POST /api/auth/register
2023-09-12 08:03:13 PM >> 1.095463ms | HTPP Status: 400 - POST /api/auth/register
2023-09-12 08:03:13 PM >> 1.442222ms | HTPP Status: 400 - POST /api/auth/register
2023-09-12 08:03:13 PM >> 1.657606ms | HTPP Status: 400 - POST /api/auth/register
2023-09-12 08:03:14 PM >> 1.337616ms | HTPP Status: 400 - POST /api/auth/register
2023-09-12 08:03:14 PM >> 1.15289ms | HTPP Status: 400 - POST /api/auth/register
2023-09-12 08:03:15 PM >> 1.375197ms | HTPP Status: 400 - POST /api/auth/register
2023-09-12 08:03:15 PM >> 2.041054ms | HTPP Status: 400 - POST /api/auth/register
2023-09-12 08:03:15 PM >> 2.024673ms | HTPP Status: 400 - POST /api/auth/register
2023-09-12 08:03:16 PM >> 1.384925ms | HTPP Status: 400 - POST /api/auth/register
2023-09-12 08:11:07 PM >> 2.971171ms | HTPP Status: 400 - POST /api/auth/register
2023-09-12 08:11:58 PM >> 92.481142ms | HTPP Status: 200 - POST /api/auth/register
2023-09-12 08:14:40 PM >> 58.312826ms | HTPP Status: 200 - POST /api/auth/register
2023-09-12 08:14:41 PM >> 921.786µs | HTPP Status: 400 - POST /api/auth/register
2023-09-12 08:14:42 PM >> 1.2768ms | HTPP Status: 400 - POST /api/auth/register
2023-09-12 08:14:42 PM >> 1.785622ms | HTPP Status: 400 - POST /api/auth/register
2023-09-12 08:14:43 PM >> 1.244219ms | HTPP Status: 400 - POST /api/auth/register
2023-09-12 08:14:44 PM >> 28.073µs | HTPP Status: 429 - POST /api/auth/register
2023-09-12 08:14:44 PM >> 24.285µs | HTPP Status: 429 - POST /api/auth/register
2023-09-12 08:14:46 PM >> 22.463µs | HTPP Status: 429 - POST /api/auth/register
2023-09-12 08:17:28 PM >> 1.319139ms | HTPP Status: 400 - POST /api/auth/register
2023-09-12 08:17:28 PM >> 1.157887ms | HTPP Status: 400 - POST /api/auth/register
2023-09-12 08:17:30 PM >> 1.251903ms | HTPP Status: 400 - POST /api/auth/register
2023-09-12 08:17:31 PM >> 1.500288ms | HTPP Status: 400 - POST /api/auth/register
2023-09-12 08:17:31 PM >> 1.253817ms | HTPP Status: 400 - POST /api/auth/register
2023-09-12 08:17:32 PM >> 35.958µs | HTPP Status: 429 - POST /api/auth/register
2023-09-12 08:17:32 PM >> 36.548µs | HTPP Status: 429 - POST /api/auth/register
2023-09-12 08:17:34 PM >> 20.749µs | HTPP Status: 429 - POST /api/auth/register
2023-09-12 08:25:09 PM >> 2.234694ms | HTPP Status: 400 - POST /api/auth/register
2023-09-12 08:25:10 PM >> 1.619622ms | HTPP Status: 400 - POST /api/auth/register
2023-09-12 08:25:12 PM >> 1.118193ms | HTPP Status: 400 - POST /api/auth/register
2023-09-12 08:25:12 PM >> 1.118684ms | HTPP Status: 400 - POST /api/auth/register
2023-09-12 08:25:13 PM >> 1.601889ms | HTPP Status: 400 - POST /api/auth/register
2023-09-12 08:25:14 PM >> 25.568µs | HTPP Status: 429 - POST /api/auth/register
2023-09-12 08:25:20 PM >> 1.887033ms | HTPP Status: 400 - POST /api/auth/register
2023-09-12 08:25:21 PM >> 1.754184ms | HTPP Status: 400 - POST /api/auth/register
2023-09-12 08:25:22 PM >> 1.859862ms | HTPP Status: 400 - POST /api/auth/register
2023-09-12 08:25:23 PM >> 2.089933ms | HTPP Status: 400 - POST /api/auth/register
2023-09-12 08:25:24 PM >> 2.475925ms | HTPP Status: 400 - POST /api/auth/register
2023-09-12 08:25:25 PM >> 24.686µs | HTPP Status: 429 - POST /api/auth/register
2023-09-12 08:36:27 PM >> 2.246948ms | HTPP Status: 400 - POST /api/auth/register
2023-09-12 08:37:40 PM >> 1.889979ms | HTPP Status: 400 - POST /api/auth/register
2023-09-12 08:39:13 PM >> 408.505µs | HTPP Status: 400 - POST /api/auth/register
2023-09-12 08:39:25 PM >> 227.206µs | HTPP Status: 400 - POST /api/auth/register
2023-09-12 08:40:18 PM >> 299.661µs | HTPP Status: 400 - POST /api/auth/register
2023-09-12 08:40:45 PM >> 291.697µs | HTPP Status: 400 - POST /api/auth/register
2023-09-12 08:40:49 PM >> 334.066µs | HTPP Status: 400 - POST /api/auth/register
2023-09-12 08:41:34 PM >> 423.603µs | HTPP Status: 400 - POST /api/auth/register
2023-09-12 08:41:42 PM >> 202.98µs | HTPP Status: 400 - POST /api/auth/register
2023-09-12 08:42:41 PM >> 322.474µs | HTPP Status: 400 - POST /api/auth/register
2023-09-12 08:43:33 PM >> 364.011µs | HTPP Status: 400 - POST /api/auth/register
2023-09-12 08:43:59 PM >> 350.596µs | HTPP Status: 400 - POST /api/auth/register
2023-09-12 08:45:08 PM >> 1.642476ms | HTPP Status: 400 - POST /api/auth/register
2023-09-12 08:50:57 PM >> 322.103µs | HTPP Status: 400 - POST /api/auth/register
2023-09-12 08:51:12 PM >> 296.445µs | HTPP Status: 400 - POST /api/auth/register
2023-09-12 08:51:36 PM >> 260.498µs | HTPP Status: 400 - POST /api/auth/register
2023-09-12 08:52:47 PM >> 439.614µs | HTPP Status: 400 - POST /api/auth/register
2023-09-12 08:53:25 PM >> 395.06µs | HTPP Status: 400 - POST /api/auth/register
2023-09-12 08:54:32 PM >> 368.4µs | HTPP Status: 400 - POST /api/auth/register
2023-09-12 08:54:35 PM >> 188.533µs | HTPP Status: 400 - POST /api/auth/register
2023-09-14 04:53:02 PM >> 89.588544ms | HTPP Status: 200 - POST /api/auth/register
2023-09-14 08:21:12 PM >> 59.816023ms | HTPP Status: 200 - POST /api/auth/register
2023-09-14 08:22:15 PM >> 2.062058ms | HTPP Status: 200 - POST /api/auth/login
2023-09-14 08:37:51 PM >> 50.798681ms | HTPP Status: 200 - POST /api/auth/login
2023-09-14 08:37:59 PM >> 64.640638ms | HTPP Status: 200 - POST /api/auth/login
2023-09-14 08:37:59 PM >> 51.556737ms | HTPP Status: 200 - POST /api/auth/login
2023-09-14 08:38:00 PM >> 86.951883ms | HTPP Status: 200 - POST /api/auth/login
2023-09-14 08:38:00 PM >> 67.662106ms | HTPP Status: 200 - POST /api/auth/login
2023-09-14 08:38:01 PM >> 89.150621ms | HTPP Status: 200 - POST /api/auth/login
2023-09-14 08:38:01 PM >> 83.942846ms | HTPP Status: 200 - POST /api/auth/login
2023-09-14 08:38:02 PM >> 81.402095ms | HTPP Status: 200 - POST /api/auth/login
2023-09-14 08:38:02 PM >> 76.066231ms | HTPP Status: 200 - POST /api/auth/login
2023-09-14 08:38:02 PM >> 82.489662ms | HTPP Status: 200 - POST /api/auth/login
2023-09-14 08:38:03 PM >>    22µs | HTPP Status: 429 - POST /api/auth/login
2023-09-14 08:38:03 PM >> 17.53µs | HTPP Status: 429 - POST /api/auth/login
2023-09-14 08:41:59 PM >> 67.952046ms | HTPP Status: 400 - POST /api/auth/login
2023-09-14 08:53:04 PM >> 52.04166ms | HTPP Status: 400 - POST /api/auth/login
2023-09-14 08:53:09 PM >> 80.741665ms | HTPP Status: 200 - POST /api/auth/login
2023-09-14 09:03:47 PM >> 51.545044ms | HTPP Status: 200 - POST /api/auth/login
2023-09-14 09:03:59 PM >> 1.49879ms | HTPP Status: 400 - POST /api/auth/register
2023-09-14 09:04:14 PM >>   132µs | HTPP Status: 400 - POST /api/auth/register
2023-09-14 09:05:50 PM >> 214.133µs | HTPP Status: 400 - POST /api/auth/register
2023-09-14 09:06:00 PM >> 78.978003ms | HTPP Status: 400 - POST /api/auth/login
2023-09-14 09:06:12 PM >> 71.143857ms | HTPP Status: 400 - POST /api/auth/login
2023-09-14 09:06:15 PM >> 58.044527ms | HTPP Status: 200 - POST /api/auth/login
2023-09-16 01:39:50 AM >> 55.117161ms | HTPP Status: 200 - POST /api/auth/login
2023-09-16 01:48:28 AM >> 82.683392ms | HTPP Status: 400 - POST /api/auth/login
2023-09-16 01:52:20 AM >> 88.729958ms | HTPP Status: 400 - POST /api/auth/login
2023-09-16 01:52:35 AM >> 341.593µs | HTPP Status: 400 - POST /api/auth/register
2023-09-16 01:52:53 AM >> 281.041µs | HTPP Status: 400 - POST /api/auth/register
2023-09-16 01:53:07 AM >> 2.147266ms | HTPP Status: 400 - POST /api/auth/register
2023-09-16 01:54:07 AM >> 2.094815ms | HTPP Status: 400 - POST /api/auth/register
2023-09-16 01:55:11 AM >> 815.326µs | HTPP Status: 400 - POST /api/auth/register
2023-09-16 01:55:19 AM >> 1.841851ms | HTPP Status: 400 - POST /api/auth/register
2023-09-16 01:55:31 AM >> 2.036289ms | HTPP Status: 400 - POST /api/auth/register
2023-09-16 02:08:26 AM >> 2.625119ms | HTPP Status: 400 - POST /api/auth/login
2023-09-16 02:08:55 AM >> 272.87µs | HTPP Status: 400 - POST /api/auth/register
2023-09-16 02:20:08 AM >> 2.200625ms | HTPP Status: 400 - POST /api/auth/login
2023-09-16 02:20:23 AM >> 1.971267ms | HTPP Status: 400 - POST /api/auth/register
2023-09-16 02:20:26 AM >> 1.891298ms | HTPP Status: 400 - POST /api/auth/register
2023-09-16 02:20:27 AM >> 2.237012ms | HTPP Status: 400 - POST /api/auth/register
2023-09-16 02:20:27 AM >> 2.294282ms | HTPP Status: 400 - POST /api/auth/register
2023-09-16 02:20:28 AM >> 2.178415ms | HTPP Status: 400 - POST /api/auth/register
2023-09-16 02:20:29 AM >> 2.522941ms | HTPP Status: 400 - POST /api/auth/register
2023-09-16 06:11:20 PM >> 1.457306ms | HTPP Status: 400 - POST /api/auth/login
2023-09-16 06:11:28 PM >> 1.347639ms | HTPP Status: 400 - POST /api/auth/login
2023-09-16 07:06:01 PM >> 1.361681ms | HTPP Status: 400 - POST /api/auth/login
2023-09-16 07:06:22 PM >> 56.272555ms | HTPP Status: 200 - POST /api/auth/login
2023-09-17 09:27:34 PM >> 41.905µs | HTPP Status: 401 - POST /api/user/user-data
2023-09-17 09:27:47 PM >> 58.666µs | HTPP Status: 401 - POST /api/user/user-data
2023-09-17 09:28:07 PM >> 38.413µs | HTPP Status: 401 - POST /api/user/user-data
2023-09-17 09:29:27 PM >> 35.829µs | HTPP Status: 401 - POST /api/user/user-data
2023-09-17 09:30:02 PM >> 58.908304ms | HTPP Status: 200 - POST /api/auth/login
2023-09-17 09:30:19 PM >> 1.274951ms | HTPP Status: 200 - POST /api/user/user-data
2023-09-17 09:32:35 PM >> 78.856378ms | HTPP Status: 200 - POST /api/auth/login
2023-09-17 09:33:02 PM >> 1.241216ms | HTPP Status: 200 - POST /api/user/user-data
2023-09-17 09:50:28 PM >> 1.90575ms | HTPP Status: 200 - POST /api/user/user-data
2023-09-17 09:50:32 PM >> 1.672691ms | HTPP Status: 200 - POST /api/user/user-data
2023-09-17 09:51:10 PM >> 2.05493ms | HTPP Status: 200 - POST /api/user/user-data
2023-09-17 09:52:16 PM >> 1.461422ms | HTPP Status: 200 - POST /api/user/user-data
2023-09-17 09:52:18 PM >> 2.557086ms | HTPP Status: 200 - POST /api/user/user-data
2023-09-17 09:52:49 PM >> 1.797148ms | HTPP Status: 200 - POST /api/user/user-data
2023-09-17 09:52:50 PM >> 1.237792ms | HTPP Status: 200 - POST /api/user/user-data
2023-09-17 09:53:33 PM >> 2.791404ms | HTPP Status: 200 - POST /api/user/user-data
2023-09-17 09:54:05 PM >> 2.295324ms | HTPP Status: 200 - POST /api/user/user-data
2023-09-17 09:54:36 PM >> 3.163168ms | HTPP Status: 200 - POST /api/user/user-data
2023-09-17 09:54:37 PM >> 2.1745ms | HTPP Status: 200 - POST /api/user/user-data
2023-09-17 09:54:54 PM >> 1.655999ms | HTPP Status: 200 - POST /api/user/user-data
2023-09-17 09:54:55 PM >> 2.080633ms | HTPP Status: 200 - POST /api/user/user-data
2023-09-17 09:55:29 PM >> 2.608282ms | HTPP Status: 200 - POST /api/user/user-data
2023-09-17 09:56:00 PM >> 1.25204ms | HTPP Status: 200 - POST /api/user/user-data
2023-09-17 09:56:23 PM >> 2.157178ms | HTPP Status: 200 - POST /api/user/user-data
2023-09-17 09:56:24 PM >> 2.439755ms | HTPP Status: 200 - POST /api/user/user-data
2023-09-17 09:56:52 PM >> 2.831214ms | HTPP Status: 200 - POST /api/user/user-data
2023-09-17 09:56:54 PM >> 2.313626ms | HTPP Status: 200 - POST /api/user/user-data
2023-09-17 09:57:43 PM >> 2.55744ms | HTPP Status: 200 - POST /api/user/user-data
2023-09-17 09:58:02 PM >> 2.794412ms | HTPP Status: 200 - POST /api/user/user-data
2023-09-17 10:00:07 PM >> 3.02817ms | HTPP Status: 200 - POST /api/user/user-data
2023-09-17 10:00:08 PM >> 2.093487ms | HTPP Status: 200 - POST /api/user/user-data
2023-09-17 10:00:28 PM >> 2.004649ms | HTPP Status: 200 - POST /api/user/user-data
2023-09-17 10:00:38 PM >> 2.078611ms | HTPP Status: 200 - POST /api/user/user-data
2023-09-17 10:00:56 PM >> 1.829766ms | HTPP Status: 200 - POST /api/user/user-data
2023-09-17 10:01:30 PM >> 1.830956ms | HTPP Status: 200 - POST /api/user/user-data
2023-09-17 10:02:42 PM >> 2.217387ms | HTPP Status: 200 - POST /api/user/user-data
2023-09-17 10:05:48 PM >> 2.048165ms | HTPP Status: 200 - POST /api/user/user-data
2023-09-17 10:06:38 PM >> 2.330533ms | HTPP Status: 200 - POST /api/user/user-data
2023-09-17 10:07:22 PM >> 2.477549ms | HTPP Status: 200 - POST /api/user/user-data
2023-09-17 10:08:35 PM >> 1.710761ms | HTPP Status: 200 - POST /api/user/user-data
2023-09-17 10:09:36 PM >> 1.766844ms | HTPP Status: 200 - POST /api/user/user-data
2023-09-17 10:12:07 PM >> 1.597479ms | HTPP Status: 200 - POST /api/user/user-data
2023-09-17 10:12:08 PM >> 2.200697ms | HTPP Status: 200 - POST /api/user/user-data
2023-09-17 10:12:08 PM >> 2.236108ms | HTPP Status: 200 - POST /api/user/user-data
2023-09-17 10:12:09 PM >> 2.088533ms | HTPP Status: 200 - POST /api/user/user-data
2023-09-17 10:12:10 PM >> 2.868939ms | HTPP Status: 200 - POST /api/user/user-data
2023-09-17 10:12:10 PM >> 1.79024ms | HTPP Status: 200 - POST /api/user/user-data
2023-09-17 10:12:11 PM >> 1.998857ms | HTPP Status: 200 - POST /api/user/user-data
2023-09-17 10:12:11 PM >> 2.115771ms | HTPP Status: 200 - POST /api/user/user-data
2023-09-17 10:12:12 PM >> 2.382285ms | HTPP Status: 200 - POST /api/user/user-data
2023-09-17 10:14:13 PM >> 2.545226ms | HTPP Status: 400 - POST /api/auth/login
2023-09-17 10:15:09 PM >> 91.99621ms | HTPP Status: 200 - POST /api/auth/register
2023-09-17 10:15:09 PM >> 1.59748ms | HTPP Status: 200 - POST /api/user/user-data
2023-09-17 10:17:00 PM >> 2.506954ms | HTPP Status: 200 - POST /api/user/user-data
2023-09-17 10:18:57 PM >> 81.383172ms | HTPP Status: 200 - POST /api/auth/login
2023-09-17 10:18:57 PM >> 1.505079ms | HTPP Status: 200 - POST /api/user/user-data
2023-09-17 10:40:33 PM >> 2.906091ms | HTPP Status: 200 - POST /api/user/user-data
2023-09-17 10:40:44 PM >> 2.063388ms | HTPP Status: 200 - POST /api/user/user-data
2023-09-17 10:41:11 PM >> 2.538308ms | HTPP Status: 200 - POST /api/user/user-data
2023-09-17 10:42:17 PM >> 1.257141ms | HTPP Status: 200 - POST /api/user/user-data
2023-09-17 10:43:40 PM >> 3.595773ms | HTPP Status: 200 - POST /api/user/user-data
2023-09-17 10:43:48 PM >> 1.488245ms | HTPP Status: 200 - POST /api/user/user-data
2023-09-17 10:43:50 PM >> 2.089648ms | HTPP Status: 200 - POST /api/user/user-data
2023-09-17 10:44:44 PM >> 1.703426ms | HTPP Status: 200 - POST /api/user/user-data
2023-09-17 10:48:16 PM >> 1.500956ms | HTPP Status: 200 - POST /api/user/user-data
2023-09-17 10:48:59 PM >> 2.355603ms | HTPP Status: 200 - POST /api/user/user-data
2023-09-17 10:49:56 PM >> 3.404757ms | HTPP Status: 200 - POST /api/user/user-data
2023-09-17 10:49:57 PM >> 1.810073ms | HTPP Status: 200 - POST /api/user/user-data
2023-09-17 10:49:57 PM >> 2.375298ms | HTPP Status: 200 - POST /api/user/user-data
2023-09-17 10:53:15 PM >> 2.244276ms | HTPP Status: 200 - POST /api/user/user-data
2023-09-19 10:24:28 AM >> 46.801µs | HTPP Status: 401 - POST /api/user/user-data
2023-09-19 10:24:31 AM >> 57.21µs | HTPP Status: 401 - POST /api/user/user-data
2023-09-19 10:24:32 AM >> 40.744µs | HTPP Status: 401 - POST /api/user/user-data
2023-09-19 10:25:07 AM >> 61.184µs | HTPP Status: 401 - POST /api/user/user-data
2023-09-19 10:26:05 AM >> 41.959µs | HTPP Status: 401 - POST /api/user/user-data
2023-09-19 10:26:27 AM >> 101.971µs | HTPP Status: 401 - POST /api/user/user-data
2023-09-19 10:26:28 AM >>  37.4µs | HTPP Status: 401 - POST /api/user/user-data
2023-09-19 10:26:28 AM >> 38.221µs | HTPP Status: 401 - POST /api/user/user-data
2023-09-19 10:26:29 AM >> 45.665µs | HTPP Status: 401 - POST /api/user/user-data
2023-09-19 10:26:35 AM >> 42.019µs | HTPP Status: 401 - POST /api/user/user-data
2023-09-19 10:26:35 AM >> 35.917µs | HTPP Status: 401 - POST /api/user/user-data
2023-09-19 10:26:58 AM >> 61.458µs | HTPP Status: 401 - POST /api/user/user-data
2023-09-19 10:27:20 AM >> 81.150209ms | HTPP Status: 200 - POST /api/auth/login
2023-09-19 10:27:20 AM >> 2.510729ms | HTPP Status: 200 - POST /api/user/user-data
2023-09-19 10:27:26 AM >> 2.051558ms | HTPP Status: 200 - POST /api/user/user-data
2023-09-19 10:27:45 AM >> 60.516µs | HTPP Status: 401 - POST /api/user/user-data
2023-09-19 10:27:48 AM >> 40.618µs | HTPP Status: 401 - POST /api/user/user-data
2023-09-19 10:28:27 AM >> 54.503283ms | HTPP Status: 200 - POST /api/auth/login
2023-09-19 10:28:27 AM >> 1.656339ms | HTPP Status: 200 - POST /api/user/user-data
2023-09-19 10:29:45 AM >> 1.857619ms | HTPP Status: 200 - POST /api/user/user-data
2023-09-19 10:29:46 AM >> 2.29497ms | HTPP Status: 200 - POST /api/user/user-data
2023-09-19 10:33:03 AM >> 1.208278ms | HTPP Status: 200 - POST /api/user/user-data
2023-09-19 10:33:04 AM >> 1.525995ms | HTPP Status: 200 - POST /api/user/user-data
2023-09-19 10:33:07 AM >> 2.06891ms | HTPP Status: 200 - POST /api/user/user-data
2023-09-19 10:33:10 AM >> 1.83374ms | HTPP Status: 200 - POST /api/user/user-data
2023-09-19 10:33:11 AM >> 1.740305ms | HTPP Status: 200 - POST /api/user/user-data
2023-09-19 10:39:24 AM >> 2.314345ms | HTPP Status: 200 - POST /api/user/user-data
2023-09-19 10:39:28 AM >> 1.549335ms | HTPP Status: 200 - POST /api/user/user-data
2023-09-19 10:39:28 AM >> 2.210362ms | HTPP Status: 200 - POST /api/user/user-data
2023-09-19 12:12:37 PM >> 52.883452ms | HTPP Status: 200 - POST /api/auth/login
2023-09-19 12:12:37 PM >> 1.875642ms | HTPP Status: 200 - POST /api/user/user-data
2023-09-19 05:32:04 PM >> 17.305575ms | HTPP Status: 200 - POST /api/user/user-data
2023-09-19 05:32:16 PM >> 48.261µs | HTPP Status: 401 - POST /api/user/user-data
2023-09-19 05:32:17 PM >> 33.502µs | HTPP Status: 401 - POST /api/user/user-data
2023-09-19 05:32:20 PM >> 24.576µs | HTPP Status: 401 - POST /api/user/user-data
2023-09-19 05:32:21 PM >> 57.137µs | HTPP Status: 401 - POST /api/user/user-data
2023-09-19 05:32:21 PM >> 40.256µs | HTPP Status: 401 - POST /api/user/user-data
2023-09-19 05:32:49 PM >> 91.071µs | HTPP Status: 401 - POST /api/user/user-data
2023-09-19 05:32:50 PM >> 69.06µs | HTPP Status: 401 - POST /api/user/user-data
2023-09-19 05:32:50 PM >> 32.772µs | HTPP Status: 401 - POST /api/user/user-data
2023-09-19 05:33:19 PM >> 54.252µs | HTPP Status: 401 - POST /api/user/user-data
2023-09-19 05:34:02 PM >> 56.487µs | HTPP Status: 401 - POST /api/user/user-data
2023-09-19 05:34:33 PM >> 100.399µs | HTPP Status: 401 - POST /api/user/user-data
2023-09-19 05:34:56 PM >> 79.91µs | HTPP Status: 401 - POST /api/user/user-data
2023-09-19 05:35:43 PM >> 58.379µs | HTPP Status: 401 - POST /api/user/user-data
2023-09-19 05:35:44 PM >> 29.395µs | HTPP Status: 401 - POST /api/user/user-data
2023-09-19 05:35:45 PM >> 66.133µs | HTPP Status: 401 - POST /api/user/user-data
2023-09-19 05:35:56 PM >> 1.00555ms | HTPP Status: 401 - POST /api/user/user-data
2023-09-19 05:35:57 PM >> 54.522µs | HTPP Status: 401 - POST /api/user/user-data
2023-09-19 05:36:37 PM >> 86.862µs | HTPP Status: 401 - POST /api/user/user-data
2023-09-19 05:36:38 PM >> 33.493µs | HTPP Status: 401 - POST /api/user/user-data
2023-09-19 05:37:48 PM >> 72.334µs | HTPP Status: 401 - POST /api/user/user-data
2023-09-19 05:37:49 PM >> 47.928µs | HTPP Status: 401 - POST /api/user/user-data
2023-09-19 05:38:22 PM >> 102.61µs | HTPP Status: 401 - POST /api/user/user-data
2023-09-19 05:39:13 PM >> 52.882852ms | HTPP Status: 400 - POST /api/auth/login
2023-09-19 05:39:16 PM >> 81.076024ms | HTPP Status: 400 - POST /api/auth/login
2023-09-19 05:39:18 PM >> 59.168878ms | HTPP Status: 400 - POST /api/auth/login
2023-09-19 05:39:25 PM >> 79.347187ms | HTPP Status: 200 - POST /api/auth/login
2023-09-19 05:39:25 PM >> 1.131375ms | HTPP Status: 200 - POST /api/user/user-data
2023-09-19 06:06:26 PM >> 2.562056ms | HTPP Status: 400 - POST /api/auth/login
2023-09-19 06:06:37 PM >> 72.098885ms | HTPP Status: 400 - POST /api/auth/login
2023-09-19 06:06:41 PM >> 52.167951ms | HTPP Status: 400 - POST /api/auth/login
2023-09-19 06:06:45 PM >> 75.935908ms | HTPP Status: 400 - POST /api/auth/login
2023-09-19 06:06:46 PM >> 55.30367ms | HTPP Status: 400 - POST /api/auth/login
2023-09-19 06:07:11 PM >> 60.708536ms | HTPP Status: 400 - POST /api/auth/login
2023-09-19 06:07:15 PM >> 79.08914ms | HTPP Status: 400 - POST /api/auth/login
2023-09-19 06:07:20 PM >> 53.766222ms | HTPP Status: 400 - POST /api/auth/login
2023-09-19 06:07:39 PM >> 53.250468ms | HTPP Status: 200 - POST /api/auth/login
2023-09-19 06:07:41 PM >> 1.705682ms | HTPP Status: 200 - POST /api/user/user-data
2023-09-19 06:13:37 PM >> 2.668592ms | HTPP Status: 200 - POST /api/user/user-data
2023-09-19 06:13:38 PM >> 2.217707ms | HTPP Status: 200 - POST /api/user/user-data
2023-09-19 06:13:38 PM >> 3.315915ms | HTPP Status: 200 - POST /api/user/user-data
2023-09-19 06:13:49 PM >> 1.880374ms | HTPP Status: 200 - POST /api/user/user-data
2023-09-19 06:14:06 PM >> 1.375398ms | HTPP Status: 200 - POST /api/user/user-data
2023-09-19 06:16:28 PM >> 1.922965ms | HTPP Status: 200 - POST /api/user/user-data
2023-09-19 06:16:31 PM >> 2.002604ms | HTPP Status: 200 - POST /api/user/user-data
2023-09-19 06:16:37 PM >> 1.693795ms | HTPP Status: 200 - POST /api/user/user-data
2023-09-19 06:16:41 PM >> 2.206156ms | HTPP Status: 200 - POST /api/user/user-data
2023-09-19 06:16:43 PM >> 1.890022ms | HTPP Status: 200 - POST /api/user/user-data
2023-09-19 06:16:58 PM >> 1.923175ms | HTPP Status: 200 - POST /api/user/user-data
2023-09-19 06:17:57 PM >> 1.908938ms | HTPP Status: 200 - POST /api/user/user-data
2023-09-19 06:17:58 PM >> 2.031388ms | HTPP Status: 200 - POST /api/user/user-data
2023-09-19 06:18:10 PM >> 3.711998ms | HTPP Status: 200 - POST /api/user/user-data
2023-09-19 06:18:11 PM >> 1.887568ms | HTPP Status: 200 - POST /api/user/user-data
2023-09-19 06:18:11 PM >> 2.092463ms | HTPP Status: 200 - POST /api/user/user-data
2023-09-19 06:21:21 PM >> 52.430172ms | HTPP Status: 400 - POST /api/auth/login
2023-09-19 06:21:24 PM >> 75.271659ms | HTPP Status: 200 - POST /api/auth/login
2023-09-19 06:21:26 PM >> 1.78704ms | HTPP Status: 200 - POST /api/user/user-data
2023-09-19 06:22:35 PM >> 1.975844ms | HTPP Status: 200 - POST /api/user/user-data
2023-09-19 06:24:55 PM >> 2.431428ms | HTPP Status: 200 - POST /api/user/user-data
2023-09-19 06:24:56 PM >> 1.976726ms | HTPP Status: 200 - POST /api/user/user-data
2023-09-19 06:25:00 PM >> 1.889602ms | HTPP Status: 200 - POST /api/user/user-data
2023-09-19 06:25:12 PM >> 2.01918ms | HTPP Status: 200 - POST /api/user/user-data
2023-09-19 06:27:57 PM >> 52.54025ms | HTPP Status: 400 - POST /api/auth/login
2023-09-19 06:28:01 PM >> 87.623483ms | HTPP Status: 400 - POST /api/auth/login
2023-09-19 06:28:22 PM >> 52.313065ms | HTPP Status: 400 - POST /api/auth/login
2023-09-19 06:29:00 PM >> 85.231977ms | HTPP Status: 400 - POST /api/auth/login
2023-09-19 06:29:01 PM >> 52.013494ms | HTPP Status: 400 - POST /api/auth/login
2023-09-19 06:29:02 PM >> 77.302377ms | HTPP Status: 400 - POST /api/auth/login
2023-09-19 06:29:03 PM >> 76.225371ms | HTPP Status: 400 - POST /api/auth/login
2023-09-19 06:29:03 PM >> 52.157556ms | HTPP Status: 400 - POST /api/auth/login
2023-09-19 06:29:04 PM >> 51.110894ms | HTPP Status: 400 - POST /api/auth/login
2023-09-19 06:29:04 PM >> 80.940309ms | HTPP Status: 400 - POST /api/auth/login
2023-09-19 06:29:04 PM >> 51.162832ms | HTPP Status: 400 - POST /api/auth/login
2023-09-19 06:29:05 PM >> 64.841745ms | HTPP Status: 400 - POST /api/auth/login
2023-09-19 06:29:05 PM >> 69.38µs | HTPP Status: 429 - POST /api/auth/login
2023-09-19 06:29:05 PM >> 31.329µs | HTPP Status: 429 - POST /api/auth/login
2023-09-19 06:29:07 PM >> 32.12µs | HTPP Status: 429 - POST /api/auth/login
2023-09-19 06:29:07 PM >> 36.488µs | HTPP Status: 429 - POST /api/auth/login
2023-09-19 06:29:07 PM >> 31.779µs | HTPP Status: 429 - POST /api/auth/login
2023-09-19 06:29:08 PM >> 42.359µs | HTPP Status: 429 - POST /api/auth/login
2023-09-19 06:29:08 PM >> 30.467µs | HTPP Status: 429 - POST /api/auth/login
2023-09-19 06:30:11 PM >> 52.326991ms | HTPP Status: 200 - POST /api/auth/login
2023-09-19 06:30:12 PM >> 1.991239ms | HTPP Status: 200 - POST /api/user/user-data
2023-09-26 10:29:36 PM >> 38.762µs | HTPP Status: 401 - POST /api/user/user-data
2023-09-26 10:30:04 PM >> 61.119753ms | HTPP Status: 200 - POST /api/auth/login
2023-09-26 10:30:05 PM >> 28.635µs | HTPP Status: 401 - POST /api/user/user-data
2023-09-26 10:31:03 PM >> 86.980612ms | HTPP Status: 200 - POST /api/auth/login
2023-09-26 10:31:05 PM >> 52.939µs | HTPP Status: 401 - POST /api/user/user-data
2023-09-26 10:33:39 PM >> 52.23435ms | HTPP Status: 200 - POST /api/auth/login
2023-09-26 10:33:41 PM >> 83.739µs | HTPP Status: 401 - POST /api/user/user-data
2023-09-26 10:36:33 PM >> 76.614855ms | HTPP Status: 200 - POST /api/auth/login
2023-09-26 10:36:35 PM >> 58.178µs | HTPP Status: 401 - POST /api/user/user-data
2023-09-26 10:37:25 PM >> 85.79422ms | HTPP Status: 200 - POST /api/auth/login
2023-09-26 10:37:26 PM >> 64.463µs | HTPP Status: 401 - POST /api/user/user-data
2023-09-26 10:37:51 PM >> 81.364194ms | HTPP Status: 200 - POST /api/auth/login
2023-09-26 10:37:53 PM >> 63.905µs | HTPP Status: 401 - POST /api/user/user-data
2023-09-26 10:37:55 PM >> 57.339µs | HTPP Status: 401 - POST /api/user/user-data
2023-09-26 10:37:57 PM >> 43.721µs | HTPP Status: 401 - POST /api/user/user-data
2023-09-26 10:37:59 PM >> 64.393µs | HTPP Status: 401 - POST /api/user/user-data
2023-09-26 10:38:02 PM >> 44.698µs | HTPP Status: 401 - POST /api/user/user-data
2023-09-26 10:38:04 PM >> 62.717µs | HTPP Status: 401 - POST /api/user/user-data
2023-09-26 10:38:06 PM >> 56.362µs | HTPP Status: 401 - POST /api/user/user-data
2023-09-26 10:38:08 PM >> 66.349µs | HTPP Status: 401 - POST /api/user/user-data
2023-09-26 10:38:10 PM >> 60.482µs | HTPP Status: 401 - POST /api/user/user-data
2023-09-26 10:38:12 PM >> 33.315µs | HTPP Status: 429 - POST /api/user/user-data
2023-09-26 10:38:14 PM >> 34.501µs | HTPP Status: 429 - POST /api/user/user-data
2023-09-26 10:38:16 PM >> 33.105µs | HTPP Status: 429 - POST /api/user/user-data
2023-09-26 10:38:18 PM >> 28.146µs | HTPP Status: 429 - POST /api/user/user-data
2023-09-26 10:38:20 PM >> 35.689µs | HTPP Status: 429 - POST /api/user/user-data
2023-09-26 10:38:22 PM >> 34.781µs | HTPP Status: 429 - POST /api/user/user-data
2023-09-26 10:38:24 PM >> 29.054µs | HTPP Status: 429 - POST /api/user/user-data
2023-09-26 10:38:26 PM >> 47.841µs | HTPP Status: 429 - POST /api/user/user-data
2023-09-26 10:38:28 PM >> 35.27µs | HTPP Status: 429 - POST /api/user/user-data
2023-09-26 10:38:31 PM >> 31.917µs | HTPP Status: 429 - POST /api/user/user-data
2023-09-26 10:38:33 PM >> 32.965µs | HTPP Status: 429 - POST /api/user/user-data
2023-09-26 10:38:35 PM >> 31.987µs | HTPP Status: 429 - POST /api/user/user-data
2023-09-26 10:38:37 PM >> 33.174µs | HTPP Status: 429 - POST /api/user/user-data
2023-09-26 10:38:39 PM >> 50.635µs | HTPP Status: 429 - POST /api/user/user-data
2023-09-26 10:38:41 PM >> 41.556µs | HTPP Status: 429 - POST /api/user/user-data
2023-09-26 10:38:43 PM >> 33.384µs | HTPP Status: 429 - POST /api/user/user-data
2023-09-26 10:38:45 PM >> 21.022µs | HTPP Status: 429 - POST /api/user/user-data
2023-09-26 10:38:47 PM >> 26.539µs | HTPP Status: 429 - POST /api/user/user-data
2023-09-26 10:38:49 PM >> 26.61µs | HTPP Status: 429 - POST /api/user/user-data
2023-09-26 10:38:51 PM >> 70.26µs | HTPP Status: 401 - POST /api/user/user-data
2023-09-26 10:38:53 PM >> 46.374µs | HTPP Status: 401 - POST /api/user/user-data
2023-09-26 10:38:55 PM >> 74.94µs | HTPP Status: 401 - POST /api/user/user-data
2023-09-26 10:38:57 PM >> 34.292µs | HTPP Status: 401 - POST /api/user/user-data
2023-09-26 10:38:59 PM >> 43.371µs | HTPP Status: 401 - POST /api/user/user-data
2023-09-26 10:39:01 PM >> 53.359µs | HTPP Status: 401 - POST /api/user/user-data
2023-09-26 10:39:03 PM >> 43.301µs | HTPP Status: 401 - POST /api/user/user-data
2023-09-26 10:39:05 PM >> 62.996µs | HTPP Status: 401 - POST /api/user/user-data
2023-09-26 10:39:07 PM >> 64.184µs | HTPP Status: 401 - POST /api/user/user-data
2023-09-26 10:39:10 PM >> 56.711µs | HTPP Status: 401 - POST /api/user/user-data
2023-09-26 10:39:12 PM >> 36.247µs | HTPP Status: 429 - POST /api/user/user-data
2023-09-26 10:39:14 PM >> 44.838µs | HTPP Status: 429 - POST /api/user/user-data
2023-09-26 10:39:16 PM >> 33.803µs | HTPP Status: 429 - POST /api/user/user-data
2023-09-26 10:39:18 PM >> 37.156µs | HTPP Status: 429 - POST /api/user/user-data
2023-09-26 10:39:20 PM >> 37.295µs | HTPP Status: 429 - POST /api/user/user-data
2023-09-26 10:39:22 PM >> 42.603µs | HTPP Status: 429 - POST /api/user/user-data
2023-09-26 10:39:24 PM >> 40.368µs | HTPP Status: 429 - POST /api/user/user-data
2023-09-26 10:39:26 PM >> 36.038µs | HTPP Status: 429 - POST /api/user/user-data
2023-09-26 10:39:28 PM >> 35.339µs | HTPP Status: 429 - POST /api/user/user-data
2023-09-26 10:39:30 PM >> 34.292µs | HTPP Status: 429 - POST /api/user/user-data
2023-09-26 10:39:32 PM >> 35.759µs | HTPP Status: 429 - POST /api/user/user-data
2023-09-26 10:39:34 PM >> 41.067µs | HTPP Status: 429 - POST /api/user/user-data
2023-09-26 10:39:36 PM >> 33.873µs | HTPP Status: 429 - POST /api/user/user-data
2023-09-26 10:39:38 PM >> 43.092µs | HTPP Status: 429 - POST /api/user/user-data
2023-09-26 10:39:40 PM >> 33.803µs | HTPP Status: 429 - POST /api/user/user-data
2023-09-26 10:39:42 PM >> 33.314µs | HTPP Status: 429 - POST /api/user/user-data
2023-09-26 10:39:44 PM >> 38.064µs | HTPP Status: 429 - POST /api/user/user-data
2023-09-26 10:39:46 PM >> 28.146µs | HTPP Status: 429 - POST /api/user/user-data
2023-09-26 10:39:49 PM >> 34.781µs | HTPP Status: 429 - POST /api/user/user-data
2023-09-26 10:39:51 PM >> 34.712µs | HTPP Status: 429 - POST /api/user/user-data
2023-09-26 10:39:53 PM >> 56.711µs | HTPP Status: 401 - POST /api/user/user-data
2023-09-26 10:39:55 PM >> 48.54µs | HTPP Status: 401 - POST /api/user/user-data
2023-09-26 10:39:57 PM >> 57.759µs | HTPP Status: 401 - POST /api/user/user-data
2023-09-26 10:39:59 PM >> 53.987µs | HTPP Status: 401 - POST /api/user/user-data
2023-09-26 10:40:01 PM >> 58.108µs | HTPP Status: 401 - POST /api/user/user-data
2023-09-26 10:40:03 PM >> 64.114µs | HTPP Status: 401 - POST /api/user/user-data
2023-09-26 10:40:05 PM >> 199.187µs | HTPP Status: 401 - POST /api/user/user-data
2023-09-26 10:40:07 PM >> 72.425µs | HTPP Status: 401 - POST /api/user/user-data
2023-09-26 10:40:09 PM >> 35.828µs | HTPP Status: 401 - POST /api/user/user-data
2023-09-26 10:40:11 PM >> 55.733µs | HTPP Status: 401 - POST /api/user/user-data
2023-09-26 10:40:13 PM >> 21.581µs | HTPP Status: 429 - POST /api/user/user-data
2023-09-26 10:40:15 PM >> 26.889µs | HTPP Status: 429 - POST /api/user/user-data
2023-09-26 10:40:17 PM >> 35.269µs | HTPP Status: 429 - POST /api/user/user-data
2023-09-26 10:40:19 PM >> 34.851µs | HTPP Status: 429 - POST /api/user/user-data
2023-09-26 10:40:21 PM >> 35.829µs | HTPP Status: 429 - POST /api/user/user-data
2023-09-26 10:40:23 PM >> 36.178µs | HTPP Status: 429 - POST /api/user/user-data
2023-09-26 10:40:26 PM >> 38.692µs | HTPP Status: 429 - POST /api/user/user-data
2023-09-26 10:40:28 PM >> 32.127µs | HTPP Status: 429 - POST /api/user/user-data
2023-09-26 10:40:30 PM >> 35.06µs | HTPP Status: 429 - POST /api/user/user-data
2023-09-26 10:40:32 PM >> 34.78µs | HTPP Status: 429 - POST /api/user/user-data
2023-09-26 10:40:34 PM >> 35.27µs | HTPP Status: 429 - POST /api/user/user-data
2023-09-26 10:40:36 PM >> 54.407µs | HTPP Status: 429 - POST /api/user/user-data
2023-09-26 10:40:38 PM >> 21.302µs | HTPP Status: 429 - POST /api/user/user-data
2023-09-26 10:40:40 PM >> 28.216µs | HTPP Status: 429 - POST /api/user/user-data
2023-09-26 10:40:42 PM >> 39.67µs | HTPP Status: 429 - POST /api/user/user-data
2023-09-26 10:40:44 PM >> 21.861µs | HTPP Status: 429 - POST /api/user/user-data
2023-09-26 10:40:46 PM >> 35.269µs | HTPP Status: 429 - POST /api/user/user-data
2023-09-26 10:40:48 PM >> 69.911µs | HTPP Status: 429 - POST /api/user/user-data
2023-09-26 10:40:50 PM >> 41.485µs | HTPP Status: 429 - POST /api/user/user-data
2023-09-26 10:40:52 PM >> 66.698µs | HTPP Status: 401 - POST /api/user/user-data
2023-09-26 10:40:54 PM >> 63.905µs | HTPP Status: 401 - POST /api/user/user-data
2023-09-26 10:40:56 PM >>  61.6µs | HTPP Status: 401 - POST /api/user/user-data
2023-09-26 10:40:58 PM >> 47.632µs | HTPP Status: 401 - POST /api/user/user-data
2023-09-26 10:41:00 PM >> 59.574µs | HTPP Status: 401 - POST /api/user/user-data
2023-09-26 10:41:03 PM >> 52.172µs | HTPP Status: 401 - POST /api/user/user-data
2023-09-26 10:41:05 PM >> 81.086µs | HTPP Status: 401 - POST /api/user/user-data
2023-09-26 10:41:07 PM >> 65.301µs | HTPP Status: 401 - POST /api/user/user-data
2023-09-26 10:41:09 PM >> 42.533µs | HTPP Status: 401 - POST /api/user/user-data
2023-09-26 10:41:11 PM >> 56.222µs | HTPP Status: 401 - POST /api/user/user-data
2023-09-26 10:41:13 PM >> 28.146µs | HTPP Status: 429 - POST /api/user/user-data
2023-09-26 10:41:15 PM >> 36.317µs | HTPP Status: 429 - POST /api/user/user-data
2023-09-26 10:41:17 PM >> 25.701µs | HTPP Status: 429 - POST /api/user/user-data
2023-09-26 10:41:19 PM >> 49.098µs | HTPP Status: 429 - POST /api/user/user-data
2023-09-26 10:41:21 PM >> 35.27µs | HTPP Status: 429 - POST /api/user/user-data
2023-09-26 10:41:23 PM >> 34.292µs | HTPP Status: 429 - POST /api/user/user-data
2023-09-26 10:41:25 PM >> 36.247µs | HTPP Status: 429 - POST /api/user/user-data
2023-09-26 10:41:27 PM >> 33.385µs | HTPP Status: 429 - POST /api/user/user-data
2023-09-26 10:41:29 PM >> 26.19µs | HTPP Status: 429 - POST /api/user/user-data
2023-09-26 10:41:31 PM >> 20.882µs | HTPP Status: 429 - POST /api/user/user-data
2023-09-26 10:41:33 PM >> 36.457µs | HTPP Status: 429 - POST /api/user/user-data
2023-09-26 10:41:35 PM >> 41.066µs | HTPP Status: 429 - POST /api/user/user-data
2023-09-26 10:41:37 PM >> 27.099µs | HTPP Status: 429 - POST /api/user/user-data
2023-09-26 10:41:39 PM >> 30.521µs | HTPP Status: 429 - POST /api/user/user-data
2023-09-26 10:41:41 PM >> 21.301µs | HTPP Status: 429 - POST /api/user/user-data
2023-09-26 10:41:44 PM >> 38.273µs | HTPP Status: 429 - POST /api/user/user-data
2023-09-26 10:41:46 PM >> 38.622µs | HTPP Status: 429 - POST /api/user/user-data
2023-09-26 10:41:48 PM >> 41.415µs | HTPP Status: 429 - POST /api/user/user-data
2023-09-26 10:41:50 PM >> 37.715µs | HTPP Status: 429 - POST /api/user/user-data
2023-09-26 10:41:52 PM >> 84.578µs | HTPP Status: 401 - POST /api/user/user-data
2023-09-26 10:41:54 PM >> 60.971µs | HTPP Status: 401 - POST /api/user/user-data
2023-09-26 10:41:56 PM >> 72.076µs | HTPP Status: 401 - POST /api/user/user-data
2023-09-26 10:41:58 PM >> 40.019µs | HTPP Status: 401 - POST /api/user/user-data
2023-09-26 10:42:00 PM >> 59.295µs | HTPP Status: 401 - POST /api/user/user-data
2023-09-26 10:42:02 PM >> 72.076µs | HTPP Status: 401 - POST /api/user/user-data
2023-09-26 10:42:04 PM >> 96.87µs | HTPP Status: 401 - POST /api/user/user-data
2023-09-26 10:42:06 PM >> 56.711µs | HTPP Status: 401 - POST /api/user/user-data
2023-09-26 10:42:08 PM >> 57.549µs | HTPP Status: 401 - POST /api/user/user-data
2023-09-26 10:42:10 PM >> 42.533µs | HTPP Status: 401 - POST /api/user/user-data
2023-09-26 10:42:12 PM >> 53.079µs | HTPP Status: 401 - POST /api/user/user-data
2023-09-26 10:42:15 PM >> 73.613µs | HTPP Status: 401 - POST /api/user/user-data
2023-09-26 10:42:17 PM >> 98.336µs | HTPP Status: 401 - POST /api/user/user-data
2023-09-26 10:42:18 PM >> 73.892µs | HTPP Status: 401 - POST /api/user/user-data
2023-09-26 10:42:19 PM >> 39.53µs | HTPP Status: 401 - POST /api/user/user-data
2023-09-26 10:42:21 PM >> 66.349µs | HTPP Status: 401 - POST /api/user/user-data
2023-09-26 10:42:23 PM >> 85.626µs | HTPP Status: 401 - POST /api/user/user-data
2023-09-26 10:42:25 PM >> 59.644µs | HTPP Status: 401 - POST /api/user/user-data
2023-09-26 10:42:27 PM >> 48.05µs | HTPP Status: 401 - POST /api/user/user-data
2023-09-26 10:42:29 PM >> 79.549µs | HTPP Status: 401 - POST /api/user/user-data
2023-09-26 10:42:32 PM >> 36.038µs | HTPP Status: 429 - POST /api/user/user-data
2023-09-26 10:42:34 PM >> 33.873µs | HTPP Status: 429 - POST /api/user/user-data
2023-09-26 10:42:36 PM >> 33.803µs | HTPP Status: 429 - POST /api/user/user-data
2023-09-26 10:42:38 PM >> 26.261µs | HTPP Status: 429 - POST /api/user/user-data
2023-09-26 10:42:40 PM >> 33.804µs | HTPP Status: 429 - POST /api/user/user-data
2023-09-26 10:42:42 PM >> 26.61µs | HTPP Status: 429 - POST /api/user/user-data
2023-09-26 10:42:44 PM >> 30.451µs | HTPP Status: 429 - POST /api/user/user-data
2023-09-26 10:42:46 PM >> 36.248µs | HTPP Status: 429 - POST /api/user/user-data
2023-09-26 10:42:48 PM >> 50.146µs | HTPP Status: 429 - POST /api/user/user-data
2023-09-26 10:42:50 PM >> 38.622µs | HTPP Status: 429 - POST /api/user/user-data
2023-09-26 10:42:52 PM >> 26.261µs | HTPP Status: 429 - POST /api/user/user-data
2023-09-26 10:42:54 PM >> 34.781µs | HTPP Status: 429 - POST /api/user/user-data
2023-09-26 10:42:56 PM >> 24.863µs | HTPP Status: 429 - POST /api/user/user-data
2023-09-26 10:42:58 PM >> 35.27µs | HTPP Status: 429 - POST /api/user/user-data
2023-09-26 10:43:00 PM >> 35.34µs | HTPP Status: 429 - POST /api/user/user-data
2023-09-26 10:43:02 PM >> 68.235µs | HTPP Status: 401 - POST /api/user/user-data
2023-09-26 10:43:04 PM >> 38.622µs | HTPP Status: 401 - POST /api/user/user-data
2023-09-26 10:43:06 PM >> 50.845µs | HTPP Status: 401 - POST /api/user/user-data
2023-09-26 10:43:09 PM >> 39.46µs | HTPP Status: 401 - POST /api/user/user-data
2023-09-26 10:43:11 PM >> 40.019µs | HTPP Status: 401 - POST /api/user/user-data
2023-09-26 10:43:13 PM >> 39.879µs | HTPP Status: 401 - POST /api/user/user-data
2023-09-26 10:43:15 PM >> 43.93µs | HTPP Status: 401 - POST /api/user/user-data
2023-09-26 10:43:17 PM >> 44.978µs | HTPP Status: 401 - POST /api/user/user-data
2023-09-26 10:43:19 PM >>  57.2µs | HTPP Status: 401 - POST /api/user/user-data
2023-09-26 10:43:21 PM >> 45.047µs | HTPP Status: 401 - POST /api/user/user-data
2023-09-26 10:43:23 PM >> 32.825µs | HTPP Status: 429 - POST /api/user/user-data
2023-09-26 10:43:25 PM >> 29.822µs | HTPP Status: 429 - POST /api/user/user-data
2023-09-26 10:43:27 PM >> 27.168µs | HTPP Status: 429 - POST /api/user/user-data
2023-09-26 10:43:29 PM >> 32.896µs | HTPP Status: 429 - POST /api/user/user-data
2023-09-26 10:43:31 PM >> 48.889µs | HTPP Status: 429 - POST /api/user/user-data
2023-09-26 10:43:33 PM >> 32.406µs | HTPP Status: 429 - POST /api/user/user-data
2023-09-26 10:43:35 PM >> 26.26µs | HTPP Status: 429 - POST /api/user/user-data
2023-09-26 10:43:37 PM >> 42.883µs | HTPP Status: 429 - POST /api/user/user-data
2023-09-26 10:43:39 PM >> 34.292µs | HTPP Status: 429 - POST /api/user/user-data
2023-09-26 10:43:42 PM >> 23.467µs | HTPP Status: 429 - POST /api/user/user-data
2023-09-26 10:44:02 PM >> 2.683298ms | HTPP Status: 200 - POST /api/user/user-data
2023-09-26 10:44:03 PM >> 1.886061ms | HTPP Status: 200 - POST /api/user/user-data
